{"recorder_version":"11","session":"db3d1e504eaa","build":"191.7479.19","bucket":"255","time":1563204073269,"group":{"id":"settings","version":"2"},"event":{"state":true,"data":{"created":1563204073275,"invoked":true},"id":"NotRoamableUiSettings"}}
{"recorder_version":"11","session":"db3d1e504eaa","build":"191.7479.19","bucket":"255","time":1563204073272,"group":{"id":"settings","version":"2"},"event":{"state":true,"data":{"created":1563204073298,"invoked":true},"id":"UISettings"}}
{"recorder_version":"11","session":"db3d1e504eaa","build":"191.7479.19","bucket":"255","time":1563204073283,"group":{"id":"system.os","version":"1"},"event":{"state":true,"data":{"release":"fedora","created":1563204073323,"version":"30.0"},"id":"Linux"}}
{"recorder_version":"11","session":"db3d1e504eaa","build":"191.7479.19","bucket":"255","time":1563204073283,"group":{"id":"system.os","version":"1"},"event":{"state":true,"data":{"created":1563204073327},"id":"invoked"}}
{"recorder_version":"11","session":"db3d1e504eaa","build":"191.7479.19","bucket":"255","time":1563204073283,"group":{"id":"system.java","version":"1"},"event":{"state":true,"data":{"created":1563204073328,"version":"1.8"},"id":"JetBrains"}}
{"recorder_version":"11","session":"db3d1e504eaa","build":"191.7479.19","bucket":"255","time":1563204073283,"group":{"id":"system.java","version":"1"},"event":{"state":true,"data":{"created":1563204073329},"id":"invoked"}}
{"recorder_version":"11","session":"db3d1e504eaa","build":"191.7479.19","bucket":"255","time":1563204074594,"group":{"id":"settings","version":"2"},"event":{"state":true,"data":{"created":1563204074594,"invoked":true},"id":"GeneralSettings"}}
{"recorder_version":"11","session":"db3d1e504eaa","build":"191.7479.19","bucket":"255","time":1563204076361,"group":{"id":"lifecycle","version":"11"},"event":{"count":1,"data":{"internal":true,"eap":false,"created":1563204076361},"id":"ide.start"}}
{"recorder_version":"11","session":"db3d1e504eaa","build":"191.7479.19","bucket":"255","time":1563204077037,"group":{"id":"performance","version":"11"},"event":{"count":1,"data":{"duration_ms":1720,"created":1563204077037},"id":"ui.latency"}}
{"recorder_version":"11","session":"db3d1e504eaa","build":"191.7479.19","bucket":"255","time":1563204077037,"group":{"id":"performance","version":"11"},"event":{"count":1,"data":{"duration_ms":1720,"created":1563204077038},"id":"ui.lagging"}}
{"recorder_version":"11","session":"db3d1e504eaa","build":"191.7479.19","bucket":"255","time":1563204077037,"group":{"id":"performance","version":"11"},"event":{"count":1,"data":{"duration_ms":719,"created":1563204077038},"id":"ui.lagging"}}
{"recorder_version":"11","session":"db3d1e504eaa","build":"191.7479.19","bucket":"255","time":1563204080884,"group":{"id":"actions","version":"11"},"event":{"count":1,"data":{"context_menu":false,"os":"Linux","created":1563204080884,"plugin_type":"PLATFORM","place":"unknown","input_event":"MouseLeft"},"id":"WelcomeScreen.OpenProject"}}
{"recorder_version":"11","session":"db3d1e504eaa","build":"191.7479.19","bucket":"255","time":1563204081020,"group":{"id":"ui.dialogs","version":"11"},"event":{"count":1,"data":{"created":1563204081020,"plugin_type":"PLATFORM","type":"show"},"id":"com.intellij.openapi.fileChooser.ex.FileChooserDialogImpl"}}
{"recorder_version":"11","session":"db3d1e504eaa","build":"191.7479.19","bucket":"255","time":1563204088675,"group":{"id":"ui.dialogs","version":"11"},"event":{"count":1,"data":{"code":0,"created":1563204088675,"plugin_type":"PLATFORM","type":"close"},"id":"com.intellij.openapi.fileChooser.ex.FileChooserDialogImpl"}}
{"recorder_version":"11","session":"db3d1e504eaa","build":"191.7479.19","bucket":"255","time":1563204088892,"group":{"id":"ui.dialogs","version":"11"},"event":{"count":1,"data":{"created":1563204088892,"plugin_type":"PLATFORM","type":"show"},"id":"com.intellij.ide.util.newProjectWizard.AddModuleWizard"}}
{"recorder_version":"11","session":"db3d1e504eaa","build":"191.7479.19","bucket":"255","time":1563204092023,"group":{"id":"ui.dialogs","version":"11"},"event":{"count":1,"data":{"created":1563204092023,"plugin_type":"PLATFORM","type":"show"},"id":"com.intellij.openapi.ui.messages.MessageDialog"}}
{"recorder_version":"11","session":"db3d1e504eaa","build":"191.7479.19","bucket":"255","time":1563204095520,"group":{"id":"ui.dialogs","version":"11"},"event":{"count":1,"data":{"created":1563204095520,"plugin_type":"PLATFORM","type":"show"},"id":"com.intellij.openapi.fileChooser.ex.FileChooserDialogImpl"}}
{"recorder_version":"11","session":"db3d1e504eaa","build":"191.7479.19","bucket":"255","time":1563204099336,"group":{"id":"actions","version":"11"},"event":{"count":1,"data":{"context_menu":false,"os":"Linux","created":1563204099336,"plugin_type":"PLATFORM","place":"MainMenu","input_event":"Escape"},"id":"com.intellij.openapi.ui.impl.DialogWrapperPeerImpl$AnCancelAction"}}
{"recorder_version":"11","session":"db3d1e504eaa","build":"191.7479.19","bucket":"255","time":1563204099337,"group":{"id":"actions","version":"11"},"event":{"count":1,"data":{"os":"Linux","created":1563204099337,"input_event":"Escape"},"id":"DialogCancelAction"}}
{"recorder_version":"11","session":"db3d1e504eaa","build":"191.7479.19","bucket":"255","time":1563204099337,"group":{"id":"ui.dialogs","version":"11"},"event":{"count":1,"data":{"code":1,"created":1563204099337,"plugin_type":"PLATFORM","type":"close"},"id":"com.intellij.openapi.fileChooser.ex.FileChooserDialogImpl"}}
{"recorder_version":"11","session":"db3d1e504eaa","build":"191.7479.19","bucket":"255","time":1563204099570,"group":{"id":"ui.dialogs","version":"11"},"event":{"count":1,"data":{"code":1,"created":1563204099570,"plugin_type":"PLATFORM","type":"close"},"id":"com.intellij.ide.util.newProjectWizard.AddModuleWizard"}}
{"recorder_version":"11","session":"db3d1e504eaa","build":"191.7479.19","bucket":"255","time":1563204102293,"group":{"id":"lifecycle","version":"11"},"event":{"count":1,"data":{"restart":false,"created":1563204102293},"id":"ide.close"}}
